<?xml version="1.0" encoding="UTF-8"?>
<testsuite name="agh.ii.prinjava.proj1.impl.MyStackDLLBImplTest" tests="1" skipped="0" failures="0" errors="0" timestamp="2021-10-21T22:39:29" hostname="DESKTOP-0CS2F1S" time="0.05">
  <properties/>
  <testcase name="peek()" classname="agh.ii.prinjava.proj1.impl.MyStackDLLBImplTest" time="0.05"/>
  <system-out><![CDATA[]]></system-out>
  <system-err><![CDATA[]]></system-err>
</testsuite>
